<?xml version="1.0" encoding="UTF-8" ?>
<testsuite tests="36" failures="0" name="ca.qc.bdeb.baldr.noyau.TaskTest" time="0.005" errors="0" skipped="0">
  <properties>
[...]
</properties>
  <testcase classname="ca.qc.bdeb.baldr.noyau.TaskTest" name="testAnalyseConcatenationFichierContenuDifferent" time="0"/>
  <testcase classname="ca.qc.bdeb.baldr.noyau.TaskTest" name="testEnleverCommentairesRessemblanceAssembleur" time="0"/>
  <testcase classname="ca.qc.bdeb.baldr.noyau.TaskTest" name="TesterCacherFichier" time="0"/>
  <testcase classname="ca.qc.bdeb.baldr.noyau.TaskTest" name="testVerifierOccurenceSousDossier" time="0"/>
  <testcase classname="ca.qc.bdeb.baldr.noyau.TaskTest" name="testAjouterObservateur" time="0"/>
  <testcase classname="ca.qc.bdeb.baldr.noyau.TaskTest" name="testStop" time="0"/>
  <testcase classname="ca.qc.bdeb.baldr.noyau.TaskTest" name="testEnleverLignesBlanches" time="0"/>
  <testcase classname="ca.qc.bdeb.baldr.noyau.TaskTest" name="testFichiersDifferentsLecteurs" time="0"/>
  <testcase classname="ca.qc.bdeb.baldr.noyau.TaskTest" name="testRetirerFichiers" time="0"/>
  <testcase classname="ca.qc.bdeb.baldr.noyau.TaskTest" name="testVerifierAnalyseFaite" time="0"/>
  <testcase classname="ca.qc.bdeb.baldr.noyau.TaskTest" name="testFilesNull" time="0"/>
  <testcase classname="ca.qc.bdeb.baldr.noyau.TaskTest" name="testEnleverUnFichier" time="0"/>
  <testcase classname="ca.qc.bdeb.baldr.noyau.TaskTest" name="testGetFile" time="0"/>
  <testcase classname="ca.qc.bdeb.baldr.noyau.TaskTest" name="testConcatenerFichiersSansSources" time="0"/>
  <testcase classname="ca.qc.bdeb.baldr.noyau.TaskTest" name="testMarquerRestauration" time="0"/>
  <testcase classname="ca.qc.bdeb.baldr.noyau.TaskTest" name="testContientTache" time="0"/>
  <testcase classname="ca.qc.bdeb.baldr.noyau.TaskTest" name="testSupprimerSource" time="0"/>
  <testcase classname="ca.qc.bdeb.baldr.noyau.TaskTest" name="estSommaireTest" time="0"/>
  <testcase classname="ca.qc.bdeb.baldr.noyau.TaskTest" name="testMettreAJourFichiersConcatenation" time="0"/>
  <testcase classname="ca.qc.bdeb.baldr.noyau.TaskTest" name="testIsSource" time="0"/>
  <testcase classname="ca.qc.bdeb.baldr.noyau.TaskTest" name="testConcatenerFichiers" time="0"/>
  <testcase classname="ca.qc.bdeb.baldr.noyau.TaskTest" name="testGetFileNull" time="0"/>
  <testcase classname="ca.qc.bdeb.baldr.noyau.TaskTest" name="testMakeComp" time="0"/>
  <testcase classname="ca.qc.bdeb.baldr.noyau.TaskTest" name="testerGetRes" time="0"/>
  <testcase classname="ca.qc.bdeb.baldr.noyau.TaskTest" name="testAnalyseConcatenationFichierContenuIdentique" time="0"/>
  <testcase classname="ca.qc.bdeb.baldr.noyau.TaskTest" name="faireTestComparaison" time="0"/>
  <testcase classname="ca.qc.bdeb.baldr.noyau.TaskTest" name="testEnleverCommentairesRessemblanceSql" time="0"/>
  <testcase classname="ca.qc.bdeb.baldr.noyau.TaskTest" name="testEnleverCommentairesRessemblanceCSharp" time="0"/>
  <testcase classname="ca.qc.bdeb.baldr.noyau.TaskTest" name="testMettreAJourFichiers" time="0"/>
  <testcase classname="ca.qc.bdeb.baldr.noyau.TaskTest" name="testVerifierSiMemeSource" time="0"/>
  <testcase classname="ca.qc.bdeb.baldr.noyau.TaskTest" name="testTrouverFIchierSource" time="0"/>
  <testcase classname="ca.qc.bdeb.baldr.noyau.TaskTest" name="testAnalyseConcatenation" time="0"/>
  <testcase classname="ca.qc.bdeb.baldr.noyau.TaskTest" name="testEnleverObservateur" time="0"/>
  <testcase classname="ca.qc.bdeb.baldr.noyau.TaskTest" name="testEnleverCommentairesRessemblancePython" time="0"/>
  <testcase classname="ca.qc.bdeb.baldr.noyau.TaskTest" name="testSetFiles" time="0"/>
  <testcase classname="ca.qc.bdeb.baldr.noyau.TaskTest" name="testRetirerSource" time="0"/>
</testsuite>